[debug] [2022-10-04T01:48:19.826Z] ----------------------------------------------------------------------
[debug] [2022-10-04T01:48:19.832Z] Command:       D:\Program Files\nodejs\node.exe C:\Users\bosst\AppData\Roaming\npm\node_modules\firebase-tools\lib\bin\firebase.js init
[debug] [2022-10-04T01:48:19.833Z] CLI Version:   11.13.0
[debug] [2022-10-04T01:48:19.833Z] Platform:      win32
[debug] [2022-10-04T01:48:19.833Z] Node Version:  v16.17.1
[debug] [2022-10-04T01:48:19.835Z] Time:          Mon Oct 03 2022 22:48:19 GMT-0300 (Horário Padrão de Brasília)
[debug] [2022-10-04T01:48:19.835Z] ----------------------------------------------------------------------
[debug] 
[debug] [2022-10-04T01:48:19.841Z] >>> [apiv2][query] GET https://firebase-public.firebaseio.com/cli.json [none]
[debug] [2022-10-04T01:48:19.884Z] > command requires scopes: ["email","openid","https://www.googleapis.com/auth/cloudplatformprojects.readonly","https://www.googleapis.com/auth/firebase","https://www.googleapis.com/auth/cloud-platform"]
[debug] [2022-10-04T01:48:19.885Z] > authorizing via signed-in user (brunocostaprado@gmail.com)
[info] 
     ######## #### ########  ######## ########     ###     ######  ########
     ##        ##  ##     ## ##       ##     ##  ##   ##  ##       ##
     ######    ##  ########  ######   ########  #########  ######  ######
     ##        ##  ##    ##  ##       ##     ## ##     ##       ## ##
     ##       #### ##     ## ######## ########  ##     ##  ######  ########

You're about to initialize a Firebase project in this directory:

  D:\github\apro

[debug] [2022-10-04T01:48:20.237Z] <<< [apiv2][status] GET https://firebase-public.firebaseio.com/cli.json 200
[debug] [2022-10-04T01:48:20.238Z] <<< [apiv2][body] GET https://firebase-public.firebaseio.com/cli.json {"cloudBuildErrorAfter":1594252800000,"cloudBuildWarnAfter":1590019200000,"defaultNode10After":1594252800000,"minVersion":"3.0.5","node8DeploysDisabledAfter":1613390400000,"node8RuntimeDisabledAfter":1615809600000,"node8WarnAfter":1600128000000}
[info] 
=== Project Setup
[info] 
[info] First, let's associate this project directory with a Firebase project.
[info] You can create multiple project aliases by running firebase use --add, 
[info] but for now we'll just set up a default project.
[info] 
[debug] [2022-10-04T01:49:25.231Z] > refreshing access token with scopes: []
[debug] [2022-10-04T01:49:25.233Z] >>> [apiv2][query] POST https://www.googleapis.com/oauth2/v3/token [none]
[debug] [2022-10-04T01:49:25.233Z] >>> [apiv2][body] POST https://www.googleapis.com/oauth2/v3/token [omitted]
[debug] [2022-10-04T01:49:25.463Z] <<< [apiv2][status] POST https://www.googleapis.com/oauth2/v3/token 200
[debug] [2022-10-04T01:49:25.463Z] <<< [apiv2][body] POST https://www.googleapis.com/oauth2/v3/token [omitted]
[debug] [2022-10-04T01:49:25.487Z] >>> [apiv2][query] GET https://firebase.googleapis.com/v1beta1/projects pageSize=100
[debug] [2022-10-04T01:49:26.738Z] <<< [apiv2][status] GET https://firebase.googleapis.com/v1beta1/projects 200
[debug] [2022-10-04T01:49:26.738Z] <<< [apiv2][body] GET https://firebase.googleapis.com/v1beta1/projects [omitted]
[info] i  Using project apro-10c17 (apro) 
[info] 
=== Database Setup
[info] i  database: ensuring required API firebasedatabase.googleapis.com is enabled... 
[debug] [2022-10-04T01:49:27.518Z] >>> [apiv2][query] GET https://serviceusage.googleapis.com/v1/projects/apro-10c17/services/firebasedatabase.googleapis.com [none]
[debug] [2022-10-04T01:49:27.518Z] >>> [apiv2][(partial)header] GET https://serviceusage.googleapis.com/v1/projects/apro-10c17/services/firebasedatabase.googleapis.com x-goog-quota-user=projects/apro-10c17
[debug] [2022-10-04T01:49:28.623Z] <<< [apiv2][status] GET https://serviceusage.googleapis.com/v1/projects/apro-10c17/services/firebasedatabase.googleapis.com 200
[debug] [2022-10-04T01:49:28.623Z] <<< [apiv2][body] GET https://serviceusage.googleapis.com/v1/projects/apro-10c17/services/firebasedatabase.googleapis.com [omitted]
[warn] !  database: missing required API firebasedatabase.googleapis.com. Enabling now... 
[debug] [2022-10-04T01:49:28.624Z] >>> [apiv2][query] POST https://serviceusage.googleapis.com/v1/projects/apro-10c17/services/firebasedatabase.googleapis.com:enable [none]
[debug] [2022-10-04T01:49:28.624Z] >>> [apiv2][(partial)header] POST https://serviceusage.googleapis.com/v1/projects/apro-10c17/services/firebasedatabase.googleapis.com:enable x-goog-quota-user=projects/apro-10c17
[debug] [2022-10-04T01:49:30.279Z] <<< [apiv2][status] POST https://serviceusage.googleapis.com/v1/projects/apro-10c17/services/firebasedatabase.googleapis.com:enable 200
[debug] [2022-10-04T01:49:30.279Z] <<< [apiv2][body] POST https://serviceusage.googleapis.com/v1/projects/apro-10c17/services/firebasedatabase.googleapis.com:enable [omitted]
[debug] [2022-10-04T01:49:40.291Z] >>> [apiv2][query] GET https://serviceusage.googleapis.com/v1/projects/apro-10c17/services/firebasedatabase.googleapis.com [none]
[debug] [2022-10-04T01:49:40.291Z] >>> [apiv2][(partial)header] GET https://serviceusage.googleapis.com/v1/projects/apro-10c17/services/firebasedatabase.googleapis.com x-goog-quota-user=projects/apro-10c17
[debug] [2022-10-04T01:49:41.317Z] <<< [apiv2][status] GET https://serviceusage.googleapis.com/v1/projects/apro-10c17/services/firebasedatabase.googleapis.com 200
[debug] [2022-10-04T01:49:41.318Z] <<< [apiv2][body] GET https://serviceusage.googleapis.com/v1/projects/apro-10c17/services/firebasedatabase.googleapis.com [omitted]
[info] +  database: required API firebasedatabase.googleapis.com is enabled 
[info] 
[debug] [2022-10-04T01:49:41.322Z] >>> [apiv2][query] GET https://firebase.googleapis.com/v1beta1/projects/apro-10c17 [none]
[debug] [2022-10-04T01:49:42.404Z] <<< [apiv2][status] GET https://firebase.googleapis.com/v1beta1/projects/apro-10c17 200
[debug] [2022-10-04T01:49:42.404Z] <<< [apiv2][body] GET https://firebase.googleapis.com/v1beta1/projects/apro-10c17 {"projectId":"apro-10c17","projectNumber":"827349806186","displayName":"apro","name":"projects/apro-10c17","resources":{"hostingSite":"apro-10c17"},"state":"ACTIVE","etag":"1_a3d27627-da6e-4e85-b7c2-425664f5d019"}
[debug] [2022-10-04T01:50:24.232Z] >>> [apiv2][query] POST https://firebasedatabase.googleapis.com/v1beta/projects/apro-10c17/locations/us-central1/instances databaseId=apro-10c17-default-rtdb&validateOnly=true
[debug] [2022-10-04T01:50:24.232Z] >>> [apiv2][body] POST https://firebasedatabase.googleapis.com/v1beta/projects/apro-10c17/locations/us-central1/instances {"type":"default_database"}
[debug] [2022-10-04T01:50:25.618Z] <<< [apiv2][status] POST https://firebasedatabase.googleapis.com/v1beta/projects/apro-10c17/locations/us-central1/instances 200
[debug] [2022-10-04T01:50:25.618Z] <<< [apiv2][body] POST https://firebasedatabase.googleapis.com/v1beta/projects/apro-10c17/locations/us-central1/instances {"name":"projects/827349806186/locations/us-central1/instances/apro-10c17-default-rtdb","project":"projects/827349806186","databaseUrl":"https://apro-10c17-default-rtdb.firebaseio.com","type":"DEFAULT_DATABASE","state":"ACTIVE"}
[debug] [2022-10-04T01:50:25.620Z] >>> [apiv2][query] POST https://firebasedatabase.googleapis.com/v1beta/projects/apro-10c17/locations/us-central1/instances databaseId=apro-10c17-default-rtdb
[debug] [2022-10-04T01:50:25.620Z] >>> [apiv2][body] POST https://firebasedatabase.googleapis.com/v1beta/projects/apro-10c17/locations/us-central1/instances {"type":"default_database"}
[debug] [2022-10-04T01:50:27.358Z] <<< [apiv2][status] POST https://firebasedatabase.googleapis.com/v1beta/projects/apro-10c17/locations/us-central1/instances 200
[debug] [2022-10-04T01:50:27.358Z] <<< [apiv2][body] POST https://firebasedatabase.googleapis.com/v1beta/projects/apro-10c17/locations/us-central1/instances {"name":"projects/827349806186/locations/us-central1/instances/apro-10c17-default-rtdb","project":"projects/827349806186","databaseUrl":"https://apro-10c17-default-rtdb.firebaseio.com","type":"DEFAULT_DATABASE","state":"ACTIVE"}
[info] 
[info] Firebase Realtime Database Security Rules allow you to define how your data should be
[info] structured and when your data can be read from and written to.
[info] 
[debug] [2022-10-04T01:50:29.329Z] >>> [apiv2][query] GET https://apro-10c17-default-rtdb.firebaseio.com/.settings/rules.json [none]
[debug] [2022-10-04T01:50:30.299Z] <<< [apiv2][status] GET https://apro-10c17-default-rtdb.firebaseio.com/.settings/rules.json 200
[debug] [2022-10-04T01:50:30.299Z] <<< [apiv2][body] GET https://apro-10c17-default-rtdb.firebaseio.com/.settings/rules.json [stream]
[info] +  Database Rules for apro-10c17-default-rtdb have been written to database.rules.json. 
[info] Future modifications to database.rules.json will update Realtime Database Security Rules when you run
[info] firebase deploy.
[info] 
=== Hosting Setup
[info] 
[info] Your public directory is the folder (relative to your project directory) that
[info] will contain Hosting assets to be uploaded with firebase deploy. If you
[info] have a build process for your assets, use your build's output directory.
[info] 
[info] +  Wrote pages/404.html 
[debug] [2022-10-04T01:50:49.939Z] >>> [apiv2][query] GET https://www.gstatic.com/firebasejs/releases.json [none]
[debug] [2022-10-04T01:50:50.023Z] <<< [apiv2][status] GET https://www.gstatic.com/firebasejs/releases.json 200
[debug] [2022-10-04T01:50:50.023Z] <<< [apiv2][body] GET https://www.gstatic.com/firebasejs/releases.json {"current":{"version":"9.10.0","browserURL":"https://www.gstatic.com/firebasejs/9.10.0/firebase.js","packageURL":"https://www.gstatic.com/firebasejs/9.10.0/firebase.tgz"},"live":{"version":"9.10","browserURL":"https://www.gstatic.com/firebasejs/live/9.10/firebase.js","packageURL":"https://www.gstatic.com/firebasejs/live/9.10/firebase.tgz"},"components":{"analytics":"https://www.gstatic.com/firebasejs/9.10.0/firebase-analytics.js","app":"https://www.gstatic.com/firebasejs/9.10.0/firebase-app.js","app-check":"https://www.gstatic.com/firebasejs/9.10.0/firebase-app-check.js","auth":"https://www.gstatic.com/firebasejs/9.10.0/firebase-auth.js","auth/cordova":"https://www.gstatic.com/firebasejs/9.10.0/firebase-auth/cordova.js","auth/react-native":"https://www.gstatic.com/firebasejs/9.10.0/firebase-auth/react-native.js","functions":"https://www.gstatic.com/firebasejs/9.10.0/firebase-functions.js","firestore":"https://www.gstatic.com/firebasejs/9.10.0/firebase-firestore.js","firestore/lite":"https://www.gstatic.com/firebasejs/9.10.0/firebase-firestore/lite.js","installations":"https://www.gstatic.com/firebasejs/9.10.0/firebase-installations.js","storage":"https://www.gstatic.com/firebasejs/9.10.0/firebase-storage.js","performance":"https://www.gstatic.com/firebasejs/9.10.0/firebase-performance.js","remote-config":"https://www.gstatic.com/firebasejs/9.10.0/firebase-remote-config.js","messaging":"https://www.gstatic.com/firebasejs/9.10.0/firebase-messaging.js","messaging/sw":"https://www.gstatic.com/firebasejs/9.10.0/firebase-messaging/sw.js","database":"https://www.gstatic.com/firebasejs/9.10.0/firebase-database.js","firestore.memory":"https://www.gstatic.com/firebasejs/9.10.0/firebase-firestore.memory.js"}}
[info] +  Wrote pages/index.html 
[info] 
[info] i  Detected a .git folder at D:\github\apro 
[info] i  Authorizing with GitHub to upload your service account to a GitHub repository's secrets store. 
[info] 
[info] Visit this URL on this device to log in:
[info] https://github.com/login/oauth/authorize?client_id=89cf50f02ac6aaed3484&state=816194218&redirect_uri=http%3A%2F%2Flocalhost%3A9005&scope=read%3Auser%20repo%20public_repo
[info] 
[info] Waiting for authentication...
[debug] [2022-10-04T01:50:50.982Z] >>> [apiv2][query] POST https://github.com/login/oauth/access_token [none]
[debug] [2022-10-04T01:50:50.982Z] >>> [apiv2][body] POST https://github.com/login/oauth/access_token [stream]
[debug] [2022-10-04T01:50:51.261Z] <<< [apiv2][status] POST https://github.com/login/oauth/access_token 200
[debug] [2022-10-04T01:50:51.261Z] <<< [apiv2][body] POST https://github.com/login/oauth/access_token {"access_token":"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","token_type":"bearer","scope":"read:user,repo"}
[debug] [2022-10-04T01:50:51.277Z] >>> [apiv2][query] GET https://api.github.com/user [none]
[debug] [2022-10-04T01:50:51.567Z] <<< [apiv2][status] GET https://api.github.com/user 200
[debug] [2022-10-04T01:50:51.567Z] <<< [apiv2][body] GET https://api.github.com/user {"login":"BrunoCostaPrado","id":89091606,"node_id":"MDQ6VXNlcjg5MDkxNjA2","avatar_url":"https://avatars.githubusercontent.com/u/89091606?v=4","gravatar_id":"","url":"https://api.github.com/users/BrunoCostaPrado","html_url":"https://github.com/BrunoCostaPrado","followers_url":"https://api.github.com/users/BrunoCostaPrado/followers","following_url":"https://api.github.com/users/BrunoCostaPrado/following{/other_user}","gists_url":"https://api.github.com/users/BrunoCostaPrado/gists{/gist_id}","starred_url":"https://api.github.com/users/BrunoCostaPrado/starred{/owner}{/repo}","subscriptions_url":"https://api.github.com/users/BrunoCostaPrado/subscriptions","organizations_url":"https://api.github.com/users/BrunoCostaPrado/orgs","repos_url":"https://api.github.com/users/BrunoCostaPrado/repos","events_url":"https://api.github.com/users/BrunoCostaPrado/events{/privacy}","received_events_url":"https://api.github.com/users/BrunoCostaPrado/received_events","type":"User","site_admin":false,"name":"Bruno Costa Prado","company":null,"blog":"https://brunocostaprado.github.io","location":"São Paulo, Brazil","email":null,"hireable":null,"bio":"Junior Full stack Dev.\r\nAlways developing.\r\nSemper doctrina.","twitter_username":null,"public_repos":72,"public_gists":0,"followers":30,"following":48,"created_at":"2021-08-17T15:28:53Z","updated_at":"2022-09-24T18:10:22Z","private_gists":0,"total_private_repos":10,"owned_private_repos":10,"disk_usage":1107104,"collaborators":0,"two_factor_authentication":false,"plan":{"name":"free","space":976562499,"collaborators":0,"private_repos":10000}}
[info] 
[info] +  Success! Logged into GitHub as BrunoCostaPrado 
[info] 
